# JRE version: Java(TM) SE Runtime Environment (8.0_211-b12) (build 1.8.0_211-b12)
# Java VM: Java HotSpot(TM) 64-Bit Server VM (25.211-b12 mixed mode windows-amd64 compressed oops)
Heap:
 PSYoungGen      total 650240K, used 456637K [0x00000000d5580000, 0x00000000ffd80000, 0x0000000100000000)
  eden space 603648K, 72% used [0x00000000d5580000,0x00000000efff5aa8,0x00000000fa300000)
  from space 46592K, 42% used [0x00000000fa300000,0x00000000fb67fb38,0x00000000fd080000)
  to   space 45568K, 0% used [0x00000000fd100000,0x00000000fd100000,0x00000000ffd80000)
 ParOldGen       total 1398272K, used 806913K [0x0000000080000000, 0x00000000d5580000, 0x00000000d5580000)
  object space 1398272K, 57% used [0x0000000080000000,0x00000000b1400568,0x00000000d5580000)
 Metaspace       used 168919K, capacity 183308K, committed 183768K, reserved 1206272K
  class space    used 22763K, capacity 25810K, committed 26112K, reserved 1048576K
GC Heap History (10 events):
Event: 2916.486 GC heap before
{Heap before GC invocations=84 (full 5):
 PSYoungGen      total 638976K, used 614455K [0x00000000d5580000, 0x00000000ff900000, 0x0000000100000000)
  eden space 592384K, 100% used [0x00000000d5580000,0x00000000f9800000,0x00000000f9800000)
  from space 46592K, 47% used [0x00000000fcb80000,0x00000000fe10dd90,0x00000000ff900000)
  to   space 49664K, 0% used [0x00000000f9800000,0x00000000f9800000,0x00000000fc880000)
 ParOldGen       total 1398272K, used 701678K [0x0000000080000000, 0x00000000d5580000, 0x00000000d5580000)
  object space 1398272K, 50% used [0x0000000080000000,0x00000000aad3bae8,0x00000000d5580000)
 Metaspace       used 167898K, capacity 182114K, committed 182488K, reserved 1206272K
  class space    used 22625K, capacity 25649K, committed 25856K, reserved 1048576K
Event: 2916.564 GC heap after
Heap after GC invocations=84 (full 5):
 PSYoungGen      total 642048K, used 25108K [0x00000000d5580000, 0x00000000fff00000, 0x0000000100000000)
  eden space 592384K, 0% used [0x00000000d5580000,0x00000000d5580000,0x00000000f9800000)
  from space 49664K, 50% used [0x00000000f9800000,0x00000000fb0851f0,0x00000000fc880000)
  to   space 47616K, 0% used [0x00000000fd080000,0x00000000fd080000,0x00000000fff00000)
 ParOldGen       total 1398272K, used 717905K [0x0000000080000000, 0x00000000d5580000, 0x00000000d5580000)
  object space 1398272K, 51% used [0x0000000080000000,0x00000000abd147c8,0x00000000d5580000)
 Metaspace       used 167898K, capacity 182114K, committed 182488K, reserved 1206272K
  class space    used 22625K, capacity 25649K, committed 25856K, reserved 1048576K
}
Event: 2917.031 GC heap before
{Heap before GC invocations=85 (full 5):
 PSYoungGen      total 642048K, used 617492K [0x00000000d5580000, 0x00000000fff00000, 0x0000000100000000)
  eden space 592384K, 100% used [0x00000000d5580000,0x00000000f9800000,0x00000000f9800000)
  from space 49664K, 50% used [0x00000000f9800000,0x00000000fb0851f0,0x00000000fc880000)
  to   space 47616K, 0% used [0x00000000fd080000,0x00000000fd080000,0x00000000fff00000)
 ParOldGen       total 1398272K, used 717910K [0x0000000080000000, 0x00000000d5580000, 0x00000000d5580000)
  object space 1398272K, 51% used [0x0000000080000000,0x00000000abd158a0,0x00000000d5580000)
 Metaspace       used 168246K, capacity 182582K, committed 182872K, reserved 1206272K
  class space    used 22686K, capacity 25727K, committed 25984K, reserved 1048576K
Event: 2917.065 GC heap after
Heap after GC invocations=85 (full 5):
 PSYoungGen      total 645120K, used 19986K [0x00000000d5580000, 0x00000000ffb00000, 0x0000000100000000)
  eden space 601600K, 0% used [0x00000000d5580000,0x00000000d5580000,0x00000000fa100000)
  from space 43520K, 45% used [0x00000000fd080000,0x00000000fe404918,0x00000000ffb00000)
  to   space 46080K, 0% used [0x00000000fa100000,0x00000000fa100000,0x00000000fce00000)
 ParOldGen       total 1398272K, used 739218K [0x0000000080000000, 0x00000000d5580000, 0x00000000d5580000)
  object space 1398272K, 52% used [0x0000000080000000,0x00000000ad1e48e0,0x00000000d5580000)
 Metaspace       used 168246K, capacity 182582K, committed 182872K, reserved 1206272K
  class space    used 22686K, capacity 25727K, committed 25984K, reserved 1048576K
}
Event: 2917.454 GC heap before
{Heap before GC invocations=86 (full 5):
 PSYoungGen      total 645120K, used 621586K [0x00000000d5580000, 0x00000000ffb00000, 0x0000000100000000)
  eden space 601600K, 100% used [0x00000000d5580000,0x00000000fa100000,0x00000000fa100000)
  from space 43520K, 45% used [0x00000000fd080000,0x00000000fe404918,0x00000000ffb00000)
  to   space 46080K, 0% used [0x00000000fa100000,0x00000000fa100000,0x00000000fce00000)
 ParOldGen       total 1398272K, used 739469K [0x0000000080000000, 0x00000000d5580000, 0x00000000d5580000)
  object space 1398272K, 52% used [0x0000000080000000,0x00000000ad223680,0x00000000d5580000)
 Metaspace       used 168457K, capacity 182776K, committed 183128K, reserved 1206272K
  class space    used 22710K, capacity 25766K, committed 25984K, reserved 1048576K
Event: 2917.483 GC heap after
Heap after GC invocations=86 (full 5):
 PSYoungGen      total 647680K, used 36968K [0x00000000d5580000, 0x0000000100000000, 0x0000000100000000)
  eden space 601600K, 0% used [0x00000000d5580000,0x00000000d5580000,0x00000000fa100000)
  from space 46080K, 80% used [0x00000000fa100000,0x00000000fc51a030,0x00000000fce00000)
  to   space 48640K, 0% used [0x00000000fd080000,0x00000000fd080000,0x0000000100000000)
 ParOldGen       total 1398272K, used 755227K [0x0000000080000000, 0x00000000d5580000, 0x00000000d5580000)
  object space 1398272K, 54% used [0x0000000080000000,0x00000000ae186cd0,0x00000000d5580000)
 Metaspace       used 168457K, capacity 182776K, committed 183128K, reserved 1206272K
  class space    used 22710K, capacity 25766K, committed 25984K, reserved 1048576K
}
Event: 2917.924 GC heap before
{Heap before GC invocations=87 (full 5):
 PSYoungGen      total 647680K, used 638568K [0x00000000d5580000, 0x0000000100000000, 0x0000000100000000)
  eden space 601600K, 100% used [0x00000000d5580000,0x00000000fa100000,0x00000000fa100000)
  from space 46080K, 80% used [0x00000000fa100000,0x00000000fc51a030,0x00000000fce00000)
  to   space 48640K, 0% used [0x00000000fd080000,0x00000000fd080000,0x0000000100000000)
 ParOldGen       total 1398272K, used 755758K [0x0000000080000000, 0x00000000d5580000, 0x00000000d5580000)
  object space 1398272K, 54% used [0x0000000080000000,0x00000000ae20bb00,0x00000000d5580000)
 Metaspace       used 168471K, capacity 182840K, committed 183128K, reserved 1206272K
  class space    used 22710K, capacity 25766K, committed 25984K, reserved 1048576K
Event: 2917.959 GC heap after
Heap after GC invocations=87 (full 5):
 PSYoungGen      total 650752K, used 26105K [0x00000000d5580000, 0x00000000ffe80000, 0x0000000100000000)
  eden space 603648K, 0% used [0x00000000d5580000,0x00000000d5580000,0x00000000fa300000)
  from space 47104K, 55% used [0x00000000fd080000,0x00000000fe9fe658,0x00000000ffe80000)
  to   space 46592K, 0% used [0x00000000fa300000,0x00000000fa300000,0x00000000fd080000)
 ParOldGen       total 1398272K, used 784798K [0x0000000080000000, 0x00000000d5580000, 0x00000000d5580000)
  object space 1398272K, 56% used [0x0000000080000000,0x00000000afe678d8,0x00000000d5580000)
 Metaspace       used 168471K, capacity 182840K, committed 183128K, reserved 1206272K
  class space    used 22710K, capacity 25766K, committed 25984K, reserved 1048576K
}
Event: 2918.366 GC heap before
{Heap before GC invocations=88 (full 5):
 PSYoungGen      total 650752K, used 629753K [0x00000000d5580000, 0x00000000ffe80000, 0x0000000100000000)
  eden space 603648K, 100% used [0x00000000d5580000,0x00000000fa300000,0x00000000fa300000)
  from space 47104K, 55% used [0x00000000fd080000,0x00000000fe9fe658,0x00000000ffe80000)
  to   space 46592K, 0% used [0x00000000fa300000,0x00000000fa300000,0x00000000fd080000)
 ParOldGen       total 1398272K, used 785045K [0x0000000080000000, 0x00000000d5580000, 0x00000000d5580000)
  object space 1398272K, 56% used [0x0000000080000000,0x00000000afea5420,0x00000000d5580000)
 Metaspace       used 168875K, capacity 183244K, committed 183768K, reserved 1206272K
  class space    used 22763K, capacity 25810K, committed 26112K, reserved 1048576K
Event: 2918.399 GC heap after
Heap after GC invocations=88 (full 5):
 PSYoungGen      total 650240K, used 19966K [0x00000000d5580000, 0x00000000ffd80000, 0x0000000100000000)
  eden space 603648K, 0% used [0x00000000d5580000,0x00000000d5580000,0x00000000fa300000)
  from space 46592K, 42% used [0x00000000fa300000,0x00000000fb67fb38,0x00000000fd080000)
  to   space 45568K, 0% used [0x00000000fd100000,0x00000000fd100000,0x00000000ffd80000)
 ParOldGen       total 1398272K, used 806913K [0x0000000080000000, 0x00000000d5580000, 0x00000000d5580000)
  object space 1398272K, 57% used [0x0000000080000000,0x00000000b1400568,0x00000000d5580000)
 Metaspace       used 168875K, capacity 183244K, committed 183768K, reserved 1206272K
  class space    used 22763K, capacity 25810K, committed 26112K, reserved 1048576K
}

